<?xml version="1.0" encoding="UTF-8"?>
<testng-results ignored="0" total="2" passed="2" failed="0" skipped="0">
  <reporter-output>
  </reporter-output>
  <suite started-at="2021-11-26T11:21:14 IST" name="Test Suite - Account opening" finished-at="2021-11-26T11:21:25 IST" duration-ms="11181">
    <groups>
    </groups>
    <test started-at="2021-11-26T11:21:14 IST" name="Test" finished-at="2021-11-26T11:21:25 IST" duration-ms="11181">
      <class name="com.practice.testData.ContactMain">
        <test-method signature="driverLocalConnection()[pri:0, instance:com.practice.testData.ContactMain@64e7619d]" started-at="2021-11-26T11:21:14 IST" name="driverLocalConnection" finished-at="2021-11-26T11:21:17 IST" duration-ms="2586" status="PASS">
          <reporter-output>
          </reporter-output>
        </test-method> <!-- driverLocalConnection -->
        <test-method signature="webConnection()[pri:0, instance:com.practice.testData.ContactMain@64e7619d]" started-at="2021-11-26T11:21:17 IST" name="webConnection" finished-at="2021-11-26T11:21:24 IST" duration-ms="7865" status="PASS">
          <reporter-output>
          </reporter-output>
        </test-method> <!-- webConnection -->
        <test-method is-config="true" signature="closeDriverConnection()[pri:0, instance:com.practice.testData.ContactMain@64e7619d]" started-at="2021-11-26T11:21:24 IST" name="closeDriverConnection" finished-at="2021-11-26T11:21:25 IST" duration-ms="706" status="PASS">
          <reporter-output>
          </reporter-output>
        </test-method> <!-- closeDriverConnection -->
      </class> <!-- com.practice.testData.ContactMain -->
    </test> <!-- Test -->
  </suite> <!-- Test Suite - Account opening -->
</testng-results>
