<?xml version="1.0" encoding="UTF-8"?>
<testng-results ignored="0" total="2" passed="2" failed="0" skipped="0">
  <reporter-output>
  </reporter-output>
  <suite started-at="2021-12-03T17:03:49 IST" name="Default suite" finished-at="2021-12-03T17:05:00 IST" duration-ms="70701">
    <groups>
    </groups>
    <test started-at="2021-12-03T17:03:49 IST" name="Default test" finished-at="2021-12-03T17:05:00 IST" duration-ms="70701">
      <class name="traveler.Booking.mapCabsHomePage">
        <test-method is-config="true" signature="DriverConnection()[pri:0, instance:traveler.Booking.mapCabsHomePage@4b8ee4de]" started-at="2021-12-03T17:03:49 IST" name="DriverConnection" finished-at="2021-12-03T17:03:52 IST" duration-ms="2654" status="PASS">
          <reporter-output>
          </reporter-output>
        </test-method> <!-- DriverConnection -->
        <test-method signature="TC_FooterBrokenLinkCheck()[pri:0, instance:traveler.Booking.mapCabsHomePage@4b8ee4de]" started-at="2021-12-03T17:03:52 IST" name="TC_FooterBrokenLinkCheck" finished-at="2021-12-03T17:03:52 IST" duration-ms="10" status="PASS">
          <reporter-output>
          </reporter-output>
        </test-method> <!-- TC_FooterBrokenLinkCheck -->
        <test-method signature="TC_ListOfFooter_001()[pri:0, instance:traveler.Booking.mapCabsHomePage@4b8ee4de]" started-at="2021-12-03T17:03:52 IST" name="TC_ListOfFooter_001" finished-at="2021-12-03T17:05:00 IST" duration-ms="67890" status="PASS">
          <reporter-output>
          </reporter-output>
        </test-method> <!-- TC_ListOfFooter_001 -->
        <test-method is-config="true" signature="QuitDriver()[pri:0, instance:traveler.Booking.mapCabsHomePage@4b8ee4de]" started-at="2021-12-03T17:05:00 IST" name="QuitDriver" finished-at="2021-12-03T17:05:00 IST" duration-ms="99" status="PASS">
          <reporter-output>
          </reporter-output>
        </test-method> <!-- QuitDriver -->
      </class> <!-- traveler.Booking.mapCabsHomePage -->
    </test> <!-- Default test -->
  </suite> <!-- Default suite -->
</testng-results>
