<?xml version="1.0" encoding="UTF-8"?>
<testng-results ignored="0" total="2" passed="2" failed="0" skipped="0">
  <reporter-output>
  </reporter-output>
  <suite started-at="2021-11-26T17:03:16 IST" name="Default suite" finished-at="2021-11-26T17:03:27 IST" duration-ms="10358">
    <groups>
    </groups>
    <test started-at="2021-11-26T17:03:16 IST" name="Default test" finished-at="2021-11-26T17:03:27 IST" duration-ms="10358">
      <class name="com.practice.testData.ContactMain">
        <test-method signature="driverLocalConnection()[pri:0, instance:com.practice.testData.ContactMain@194fad1]" started-at="2021-11-26T17:03:16 IST" name="driverLocalConnection" finished-at="2021-11-26T17:03:20 IST" duration-ms="3369" status="PASS">
          <reporter-output>
          </reporter-output>
        </test-method> <!-- driverLocalConnection -->
        <test-method signature="webConnection()[pri:0, instance:com.practice.testData.ContactMain@194fad1]" started-at="2021-11-26T17:03:20 IST" name="webConnection" finished-at="2021-11-26T17:03:26 IST" duration-ms="6279" status="PASS">
          <reporter-output>
          </reporter-output>
        </test-method> <!-- webConnection -->
        <test-method is-config="true" signature="closeDriverConnection()[pri:0, instance:com.practice.testData.ContactMain@194fad1]" started-at="2021-11-26T17:03:26 IST" name="closeDriverConnection" finished-at="2021-11-26T17:03:27 IST" duration-ms="672" status="PASS">
          <reporter-output>
          </reporter-output>
        </test-method> <!-- closeDriverConnection -->
      </class> <!-- com.practice.testData.ContactMain -->
    </test> <!-- Default test -->
  </suite> <!-- Default suite -->
</testng-results>
