<?xml version="1.0" encoding="UTF-8"?>
<!-- Generated by org.testng.reporters.JUnitXMLReporter -->
<testsuite ignored="16" hostname="LAPTOP-E196CRD0" failures="2" tests="3" name="Test" time="13.058" errors="0" timestamp="2021-12-16T23:22:17 IST">
  <testcase classname="com.practice.testData.ContactMain" name="webConnection" time="9.583"/>
  <testcase classname="dropDown.dropDownTest" name="dropDownPractice" time="0.0">
    <failure type="java.lang.NullPointerException">
      <![CDATA[java.lang.NullPointerException
at dropDown.dropDownTest.dropDownPractice(dropDownTest.java:24)
at java.base/java.util.ArrayList.forEach(ArrayList.java:1541)
... Removed 31 stack frames]]>
    </failure>
  </testcase> <!-- dropDownPractice -->
  <testcase classname="dropDown.dropDownTest" name="dropDownPractice" time="0.013">
    <failure type="java.lang.NullPointerException">
      <![CDATA[java.lang.NullPointerException
at com.practice.testCases.MyListener1.getScreenShotPath(MyListener1.java:82)
at com.practice.testCases.MyListener1.onTestFailure(MyListener1.java:52)
at java.base/java.util.ArrayList.forEach(ArrayList.java:1541)
... Removed 28 stack frames]]>
    </failure>
  </testcase> <!-- dropDownPractice -->
  <testcase classname="com.practice.testCases.BaseClass" name="@AfterTest closeDriverConnection" time="0.0">
    <ignored/>
  </testcase> <!-- @AfterTest closeDriverConnection -->
  <testcase classname="com.practice.testCases.BaseClass" name="@AfterTest closeDriverConnection" time="0.0">
    <ignored/>
  </testcase> <!-- @AfterTest closeDriverConnection -->
  <testcase classname="com.practice.testCases.BaseClass" name="@AfterTest closeDriverConnection" time="0.0">
    <ignored/>
  </testcase> <!-- @AfterTest closeDriverConnection -->
  <testcase classname="com.practice.testCases.BaseClass" name="@AfterTest closeDriverConnection" time="0.0">
    <ignored/>
  </testcase> <!-- @AfterTest closeDriverConnection -->
  <testcase classname="com.practice.testCases.BaseClass" name="@AfterTest closeDriverConnection" time="0.0">
    <ignored/>
  </testcase> <!-- @AfterTest closeDriverConnection -->
  <testcase classname="com.practice.testCases.BaseClass" name="@AfterTest closeDriverConnection" time="0.0">
    <ignored/>
  </testcase> <!-- @AfterTest closeDriverConnection -->
  <testcase classname="com.practice.testCases.BaseClass" name="@AfterTest closeDriverConnection" time="0.0">
    <ignored/>
  </testcase> <!-- @AfterTest closeDriverConnection -->
  <testcase classname="com.practice.testCases.BaseClass" name="@AfterTest closeDriverConnection" time="0.0">
    <ignored/>
  </testcase> <!-- @AfterTest closeDriverConnection -->
  <testcase classname="com.practice.testCases.BaseClass" name="@BeforeTest driverLocalConnection" time="0.0">
    <ignored/>
  </testcase> <!-- @BeforeTest driverLocalConnection -->
  <testcase classname="com.practice.testCases.BaseClass" name="@BeforeTest driverLocalConnection" time="0.0">
    <ignored/>
  </testcase> <!-- @BeforeTest driverLocalConnection -->
  <testcase classname="com.practice.testCases.BaseClass" name="@BeforeTest driverLocalConnection" time="0.0">
    <ignored/>
  </testcase> <!-- @BeforeTest driverLocalConnection -->
  <testcase classname="com.practice.testCases.BaseClass" name="@BeforeTest driverLocalConnection" time="0.0">
    <ignored/>
  </testcase> <!-- @BeforeTest driverLocalConnection -->
  <testcase classname="com.practice.testCases.BaseClass" name="@BeforeTest driverLocalConnection" time="0.0">
    <ignored/>
  </testcase> <!-- @BeforeTest driverLocalConnection -->
  <testcase classname="com.practice.testCases.BaseClass" name="@BeforeTest driverLocalConnection" time="0.0">
    <ignored/>
  </testcase> <!-- @BeforeTest driverLocalConnection -->
  <testcase classname="com.practice.testCases.BaseClass" name="@BeforeTest driverLocalConnection" time="0.0">
    <ignored/>
  </testcase> <!-- @BeforeTest driverLocalConnection -->
  <testcase classname="com.practice.testCases.BaseClass" name="@BeforeTest driverLocalConnection" time="0.0">
    <ignored/>
  </testcase> <!-- @BeforeTest driverLocalConnection -->
</testsuite> <!-- Test -->
